<?xml version="1.0" encoding="UTF-8"?>
<!-- Generated by org.testng.reporters.JUnitXMLReporter -->
<testsuite ignored="0" hostname="DESKTOP-S36GMQB" failures="0" tests="5" name="Default test" time="28.315" errors="0" timestamp="2023-04-22T09:39:37 IST">
  <testcase classname="testng.Alpha" name="cricbuzz" time="2.438"/>
  <testcase classname="testng.Alpha" name="facebook" time="1.92"/>
  <testcase classname="testng.Alpha" name="flipkart" time="7.063"/>
  <testcase classname="testng.Alpha" name="google" time="9.394"/>
  <testcase classname="testng.Alpha" name="manabadi" time="2.997"/>
</testsuite> <!-- Default test -->
