<?xml version="1.0" encoding="UTF-8"?>
<testng-results ignored="0" total="5" passed="5" failed="0" skipped="0">
  <reporter-output>
  </reporter-output>
  <suite started-at="2023-04-22T09:39:08 IST" name="Default suite" finished-at="2023-04-22T09:39:37 IST" duration-ms="28315">
    <groups>
    </groups>
    <test started-at="2023-04-22T09:39:08 IST" name="Default test" finished-at="2023-04-22T09:39:37 IST" duration-ms="28315">
      <class name="testng.Alpha">
        <test-method is-config="true" signature="beforeTest()[pri:0, instance:testng.Alpha@1b2abca6]" started-at="2023-04-22T09:39:08 IST" name="beforeTest" finished-at="2023-04-22T09:39:12 IST" duration-ms="3986" status="PASS">
          <reporter-output>
          </reporter-output>
        </test-method> <!-- beforeTest -->
        <test-method signature="cricbuzz()[pri:0, instance:testng.Alpha@1b2abca6]" started-at="2023-04-22T09:39:12 IST" name="cricbuzz" finished-at="2023-04-22T09:39:15 IST" duration-ms="2438" status="PASS">
          <reporter-output>
          </reporter-output>
        </test-method> <!-- cricbuzz -->
        <test-method signature="facebook()[pri:0, instance:testng.Alpha@1b2abca6]" started-at="2023-04-22T09:39:15 IST" name="facebook" finished-at="2023-04-22T09:39:17 IST" duration-ms="1920" status="PASS">
          <reporter-output>
          </reporter-output>
        </test-method> <!-- facebook -->
        <test-method signature="flipkart()[pri:0, instance:testng.Alpha@1b2abca6]" started-at="2023-04-22T09:39:17 IST" name="flipkart" finished-at="2023-04-22T09:39:24 IST" duration-ms="7063" status="PASS">
          <reporter-output>
          </reporter-output>
        </test-method> <!-- flipkart -->
        <test-method signature="google()[pri:0, instance:testng.Alpha@1b2abca6]" started-at="2023-04-22T09:39:24 IST" name="google" finished-at="2023-04-22T09:39:33 IST" duration-ms="9394" status="PASS">
          <reporter-output>
          </reporter-output>
        </test-method> <!-- google -->
        <test-method signature="manabadi()[pri:0, instance:testng.Alpha@1b2abca6]" started-at="2023-04-22T09:39:33 IST" name="manabadi" finished-at="2023-04-22T09:39:36 IST" duration-ms="2997" status="PASS">
          <reporter-output>
          </reporter-output>
        </test-method> <!-- manabadi -->
        <test-method is-config="true" signature="afterTest()[pri:0, instance:testng.Alpha@1b2abca6]" started-at="2023-04-22T09:39:36 IST" name="afterTest" finished-at="2023-04-22T09:39:37 IST" duration-ms="390" status="PASS">
          <reporter-output>
          </reporter-output>
        </test-method> <!-- afterTest -->
      </class> <!-- testng.Alpha -->
    </test> <!-- Default test -->
  </suite> <!-- Default suite -->
</testng-results>
